2026-04-19T14:06:36.263+07:00  INFO 23652 --- [Lavalink] [main] lavalink.server.Launcher                 : Starting Launcher v4.2.2 using Java 17.0.12 with PID 23652 (C:\laragon-6.0.0\www\bot\bot_music\Lavalink.jar started by egida in C:\laragon-6.0.0\www\bot\bot_music)
2026-04-19T14:06:36.269+07:00  INFO 23652 --- [Lavalink] [main] lavalink.server.Launcher                 : No active profile set, falling back to 1 default profile: "default"
2026-04-19T14:06:37.093+07:00  INFO 23652 --- [Lavalink] [main] o.s.cloud.context.scope.GenericScope     : BeanFactory id=3d6bf653-92ea-3fde-943a-10b9f8cd696e
2026-04-19T14:06:37.524+07:00  INFO 23652 --- [Lavalink] [main] l.server.bootstrap.PluginManager         : Downloading https://maven.lavalink.dev/releases/dev/lavalink/youtube/youtube-plugin/1.18.0/youtube-plugin-1.18.0.jar
2026-04-19T14:06:40.615+07:00  INFO 23652 --- [Lavalink] [main] l.server.bootstrap.PluginManager         : Loaded 'youtube-plugin-1.18.0.jar' (17 classes)
2026-04-19T14:06:40.966+07:00  INFO 23652 --- [Lavalink] [main] lavalink.server.Launcher                 : Started Launcher in 5.444 seconds (process running for 5.999)
2026-04-19T14:06:41.160+07:00  INFO 23652 --- [Lavalink] [main] lavalink.server.Launcher                 : 

[32m       .  [31m _                  _ _       _    [32m__ _ _
[32m      /\\ [31m| | __ ___   ____ _| (_)_ __ | | __[32m\ \ \ \
[32m     ( ( )[31m| |/ _` \ \ / / _` | | | '_ \| |/ /[32m \ \ \ \
[32m      \\/ [31m| | (_| |\ V / (_| | | | | | |   < [32m  ) ) ) )
[32m       '  [31m|_|\__,_| \_/ \__,_|_|_|_| |_|_|\_\[32m / / / /
[0m    =========================================[32m/_/_/_/[0m

	Version:        4.2.2
	Build time:     06.03.2026 23:24:16 UTC
	Branch          HEAD
	Commit:         e8503fd
	Commit time:    06.03.2026 23:21:15 UTC
	JVM:            17.0.12
	Lavaplayer      2.2.6

2026-04-19T14:06:41.171+07:00  INFO 23652 --- [Lavalink] [main] lavalink.server.Launcher                 : No active profile set, falling back to 1 default profile: "default"
2026-04-19T14:06:41.795+07:00  WARN 23652 --- [Lavalink] [main] io.undertow.websockets.jsr               : UT026010: Buffer pool was not set on WebSocketDeploymentInfo, the default pool will be used
2026-04-19T14:06:41.822+07:00  INFO 23652 --- [Lavalink] [main] io.undertow.servlet                      : Initializing Spring embedded WebApplicationContext
2026-04-19T14:06:41.823+07:00  INFO 23652 --- [Lavalink] [main] w.s.c.ServletWebServerApplicationContext : Root WebApplicationContext: initialization completed in 646 ms
2026-04-19T14:06:42.697+07:00  INFO 23652 --- [Lavalink] [main] c.s.d.l.tools.GarbageCollectionMonitor   : GC monitoring enabled, reporting results every 2 minutes.
2026-04-19T14:06:42.966+07:00  WARN 23652 --- [Lavalink] [main] d.l.youtube.plugin.ClientProvider        : Failed to resolve TVHTML5EMBEDDED into a Client
2026-04-19T14:06:42.985+07:00  INFO 23652 --- [Lavalink] [main] d.l.youtube.plugin.YoutubePluginLoader   : YouTube source initialised with clients: WEB_REMIX, ANDROID_VR, WEB 
2026-04-19T14:06:42.992+07:00  WARN 23652 --- [Lavalink] [main] l.server.config.SentryConfiguration      : Turning off sentry
2026-04-19T14:06:43.229+07:00  INFO 23652 --- [Lavalink] [main] l.server.config.KoeConfiguration         : OS: WINDOWS, Arch: X86_64
2026-04-19T14:06:43.230+07:00  INFO 23652 --- [Lavalink] [main] l.server.config.KoeConfiguration         : Enabling JDA-NAS
2026-04-19T14:06:43.233+07:00  INFO 23652 --- [Lavalink] [main] c.s.l.c.natives.NativeLibraryLoader      : Native library udpqueue: loading with filter null
2026-04-19T14:06:43.242+07:00  INFO 23652 --- [Lavalink] [main] c.s.l.c.natives.NativeLibraryLoader      : Native library udpqueue: successfully loaded.
2026-04-19T14:06:43.514+07:00  INFO 23652 --- [Lavalink] [main] io.undertow                              : starting server: Undertow - 2.3.13.Final
2026-04-19T14:06:43.526+07:00  INFO 23652 --- [Lavalink] [main] org.xnio                                 : XNIO version 3.8.8.Final
2026-04-19T14:06:43.539+07:00  INFO 23652 --- [Lavalink] [main] org.xnio.nio                             : XNIO NIO Implementation Version 3.8.8.Final
2026-04-19T14:06:43.623+07:00  INFO 23652 --- [Lavalink] [main] org.jboss.threads                        : JBoss Threads version 3.5.0.Final
2026-04-19T14:06:43.685+07:00  INFO 23652 --- [Lavalink] [main] o.s.b.w.e.undertow.UndertowWebServer     : Undertow started on port 2333 (http) with context path '/'
2026-04-19T14:06:43.943+07:00  INFO 23652 --- [Lavalink] [main] lavalink.server.Launcher                 : Started Launcher in 2.97 seconds (process running for 8.976)
2026-04-19T14:06:43.944+07:00  INFO 23652 --- [Lavalink] [main] lavalink.server.Launcher                 : Lavalink is ready to accept connections.
2026-04-19T14:06:48.203+07:00  INFO 23652 --- [Lavalink] [XNIO-1 task-2] io.undertow.servlet                      : Initializing Spring DispatcherServlet 'dispatcherServlet'
2026-04-19T14:06:48.205+07:00  INFO 23652 --- [Lavalink] [XNIO-1 task-2] o.s.web.servlet.DispatcherServlet        : Initializing Servlet 'dispatcherServlet'
2026-04-19T14:06:48.207+07:00  INFO 23652 --- [Lavalink] [XNIO-1 task-2] o.s.web.servlet.DispatcherServlet        : Completed initialization in 2 ms
2026-04-19T14:06:48.263+07:00  INFO 23652 --- [Lavalink] [XNIO-1 task-2] l.server.io.HandshakeInterceptorImpl     : Incoming connection from /127.0.0.1:52551
2026-04-19T14:06:48.347+07:00  INFO 23652 --- [Lavalink] [XNIO-1 task-2] l.server.io.RequestLoggingFilter         : GET /v4/websocket
2026-04-19T14:06:48.419+07:00  INFO 23652 --- [Lavalink] [XNIO-1 task-2] c.s.l.c.natives.NativeLibraryLoader      : Native library dave-jvm: loading with filter null
2026-04-19T14:06:48.473+07:00  INFO 23652 --- [Lavalink] [XNIO-1 task-2] c.s.l.c.natives.NativeLibraryLoader      : Native library dave-jvm: successfully loaded.
2026-04-19T14:06:48.524+07:00  INFO 23652 --- [Lavalink] [XNIO-1 task-2] lavalink.server.io.SocketServer          : Connection successfully established from Wavelink/3.5.1
2026-04-19T14:06:48.939+07:00  INFO 23652 --- [Lavalink] [XNIO-1 task-3] l.server.io.RequestLoggingFilter         : PATCH /v4/sessions/n1nbjcu4rstmtd77, payload={"resuming": true, "timeout": 60}
2026-04-19T14:06:48.993+07:00  INFO 23652 --- [Lavalink] [XNIO-1 task-3] l.server.io.RequestLoggingFilter         : GET /v4/info
2026-04-19T14:06:50.295+07:00 ERROR 23652 --- [Lavalink] [pool-3-thread-1] o.d.w.registry.HkeyPerformanceDataUtil   : Error reading performance data from registry for Process.
2026-04-19T14:06:50.313+07:00  WARN 23652 --- [Lavalink] [pool-3-thread-1] o.u.p.windows.PerfCounterWildcardQuery   : Failed to locate performance object for Process in the registry. Performance counters may be corrupt. Pdh call failed with error code 0xC0000BB8
2026-04-19T14:06:50.313+07:00  WARN 23652 --- [Lavalink] [pool-3-thread-1] o.u.p.windows.PerfCounterWildcardQuery   : Disabling further attempts to query Process.
2026-04-19T14:06:51.489+07:00  WARN 23652 --- [Lavalink] [pool-3-thread-1] o.util.platform.windows.WmiQueryHandler  : COM exception: Invalid Query: SELECT NAME,PRIORITYBASE,ELAPSEDTIME,IDPROCESS,CREATINGPROCESSID,IOREADBYTESPERSEC,IOWRITEBYTESPERSEC,PRIVATEBYTES,PAGEFAULTSPERSEC FROM Win32_PerfRawData_PerfProc_Process WHERE NOT Name LIKE "%_Total"
2026-04-19T14:06:51.611+07:00  WARN 23652 --- [Lavalink] [pool-3-thread-1] lavalink.server.io.StatsCollector        : Cannot calculate CPU load: process is null for PID 23652.
2026-04-19T14:06:58.486+07:00  INFO 23652 --- [Lavalink] [XNIO-1 task-3] l.server.io.RequestLoggingFilter         : PATCH /v4/sessions/n1nbjcu4rstmtd77/players/755407730952634410?noReplace=True, payload={"voice": {"sessionId": "2d05c2371a1f3a6180fda9aa69dd65c1", "token": "088f994b4520dd2c", "endpoint": "c-sin20-4376901d.discord.media:2087", "channelId": "755407730952634414"}}
2026-04-19T14:06:58.513+07:00  INFO 23652 --- [Lavalink] [XNIO-1 task-3] l.server.player.AudioLoaderRestHandler   : Got request to load for identifier "ytmsearch:lagu Kau Pemeran Utama di Sebuah Opera"
2026-04-19T14:06:59.017+07:00  INFO 23652 --- [Lavalink] [XNIO-1 task-3] l.server.player.AudioLoaderRestHandler   : Loaded playlist Search music results for: lagu Kau Pemeran Utama di Sebuah Opera
2026-04-19T14:06:59.043+07:00  INFO 23652 --- [Lavalink] [XNIO-1 task-3] l.server.io.RequestLoggingFilter         : GET /v4/loadtracks?identifier=ytmsearch:lagu%20Kau%20Pemeran%20Utama%20di%20Sebuah%20Opera
2026-04-19T14:06:59.612+07:00  INFO 23652 --- [Lavalink] [XNIO-1 task-3] l.server.io.RequestLoggingFilter         : PATCH /v4/sessions/n1nbjcu4rstmtd77/players/755407730952634410?noReplace=False, payload={"track": {"encoded": "QAABBgMAIUthdSBQZW1lcmFuIFV0YW1hIGRpIFNlYnVhaCBPcGVyYQAKVGhlIEphbnNlbgAAAAAAAvHoAAs4NXNFMXRxd0xHdwABACtodHRwczovL3d3dy55b3V0dWJlLmNvbS93YXRjaD92PTg1c0UxdHF3TEd3AQB9aHR0cHM6Ly9saDMuZ29vZ2xldXNlcmNvbnRlbnQuY29tL2RFX0pILUpCdzRCeFYxVVYyVzRjcldqc1RCeUVIUnRSbVYzc1IxMlhLUEFjY2VsQzdWZVg4T0tmZEdGdm91WVBXYjV5dXIwSjZTNWsya3c9dzEwMDAtaDEwMDAAAAd5b3V0dWJlAAAAAAAAAAA=", "userData": {}}, "volume": 100, "position": 0, "endTime": null, "paused": false, "filters": {"equalizer": [{"band": 0, "gain": 0.0}, {"band": 1, "gain": 0.0}, {"band": 2, "gain": 0.0}, {"band": 3, "gain": 0.0}, {"band": 4, "gain": 0.0}, {"band": 5, "gain": 0.0}, {"band": 6, "gain": 0.0}, {"band": 7, "gain": 0.0}, {"band": 8, "gain": 0.0}, {"band": 9, "gain": 0.0}, {"band": 10, "gain": 0.0}, {"band": 11, "gain": 0.0}, {"band": 12, "gain": 0.0}, {"band": 13, "gain": 0.0}, {"band": 14, "gain": 0.0}]}}
2026-04-19T14:06:59.691+07:00  INFO 23652 --- [Lavalink] [lava-daemon-pool-playback-1-thread-1] d.l.y.http.YoutubeAccessTokenTracker     : Updating YouTube visitor id succeeded, new one is CgtLV2hSNDVBckZNQSiU_pHPBjIKCgJJRBIEGgAgaToMCAEg1pCElsTin_Jp, next update will be after 600 seconds.
2026-04-19T14:07:48.561+07:00 ERROR 23652 --- [Lavalink] [pool-3-thread-1] o.d.w.registry.HkeyPerformanceDataUtil   : Error reading performance data from registry for Process.
2026-04-19T14:07:49.113+07:00  WARN 23652 --- [Lavalink] [pool-3-thread-1] o.util.platform.windows.WmiQueryHandler  : COM exception: Invalid Query: SELECT NAME,PRIORITYBASE,ELAPSEDTIME,IDPROCESS,CREATINGPROCESSID,IOREADBYTESPERSEC,IOWRITEBYTESPERSEC,PRIVATEBYTES,PAGEFAULTSPERSEC FROM Win32_PerfRawData_PerfProc_Process WHERE NOT Name LIKE "%_Total"
2026-04-19T14:07:49.157+07:00  WARN 23652 --- [Lavalink] [pool-3-thread-1] lavalink.server.io.StatsCollector        : Cannot calculate CPU load: process is null for PID 23652.
2026-04-19T14:08:48.500+07:00 ERROR 23652 --- [Lavalink] [pool-3-thread-1] o.d.w.registry.HkeyPerformanceDataUtil   : Error reading performance data from registry for Process.
2026-04-19T14:08:49.077+07:00  WARN 23652 --- [Lavalink] [pool-3-thread-1] o.util.platform.windows.WmiQueryHandler  : COM exception: Invalid Query: SELECT NAME,PRIORITYBASE,ELAPSEDTIME,IDPROCESS,CREATINGPROCESSID,IOREADBYTESPERSEC,IOWRITEBYTESPERSEC,PRIVATEBYTES,PAGEFAULTSPERSEC FROM Win32_PerfRawData_PerfProc_Process WHERE NOT Name LIKE "%_Total"
2026-04-19T14:08:49.125+07:00  WARN 23652 --- [Lavalink] [pool-3-thread-1] lavalink.server.io.StatsCollector        : Cannot calculate CPU load: process is null for PID 23652.
2026-04-19T14:09:48.499+07:00 ERROR 23652 --- [Lavalink] [pool-3-thread-1] o.d.w.registry.HkeyPerformanceDataUtil   : Error reading performance data from registry for Process.
2026-04-19T14:09:49.045+07:00  WARN 23652 --- [Lavalink] [pool-3-thread-1] o.util.platform.windows.WmiQueryHandler  : COM exception: Invalid Query: SELECT NAME,PRIORITYBASE,ELAPSEDTIME,IDPROCESS,CREATINGPROCESSID,IOREADBYTESPERSEC,IOWRITEBYTESPERSEC,PRIVATEBYTES,PAGEFAULTSPERSEC FROM Win32_PerfRawData_PerfProc_Process WHERE NOT Name LIKE "%_Total"
2026-04-19T14:09:49.099+07:00  WARN 23652 --- [Lavalink] [pool-3-thread-1] lavalink.server.io.StatsCollector        : Cannot calculate CPU load: process is null for PID 23652.
2026-04-19T14:10:13.163+07:00  INFO 23652 --- [Lavalink] [XNIO-1 task-3] l.server.io.RequestLoggingFilter         : DELETE /v4/sessions/n1nbjcu4rstmtd77/players/755407730952634410
2026-04-19T14:10:47.590+07:00  INFO 23652 --- [Lavalink] [XNIO-1 task-3] l.server.io.RequestLoggingFilter         : PATCH /v4/sessions/n1nbjcu4rstmtd77/players/755407730952634410?noReplace=True, payload={"voice": {"sessionId": "2d05c2371a1f3a6180fda9aa69dd65c1", "token": "3e04e58e35d76992", "endpoint": "c-sin13-bde76f23.discord.media:2096", "channelId": "755407730952634414"}}
2026-04-19T14:10:47.617+07:00  INFO 23652 --- [Lavalink] [XNIO-1 task-3] l.server.player.AudioLoaderRestHandler   : Got request to load for identifier "https://open.spotify.com/playlist/12wXQlYV0R00I47qfrRQnC?si=6f7bda7f6ab044de"
2026-04-19T14:10:48.301+07:00 ERROR 23652 --- [Lavalink] [XNIO-1 task-3] l.server.player.AudioLoaderRestHandler   : Failed to load track for identifier https://open.spotify.com/playlist/12wXQlYV0R00I47qfrRQnC?si=6f7bda7f6ab044de

com.sedmelluq.discord.lavaplayer.tools.FriendlyException: Something went wrong while looking up the track.
	at lavalink.server.util.LoadingKt.loadAudioItem(loading.kt:20) ~[classes!/:4.2.2]
	at lavalink.server.player.AudioLoaderRestHandler.loadTracks(AudioLoaderRestHandler.kt:59) ~[classes!/:4.2.2]
	at java.base/jdk.internal.reflect.NativeMethodAccessorImpl.invoke0(Native Method) ~[na:na]
	at java.base/jdk.internal.reflect.NativeMethodAccessorImpl.invoke(NativeMethodAccessorImpl.java:77) ~[na:na]
	at java.base/jdk.internal.reflect.DelegatingMethodAccessorImpl.invoke(DelegatingMethodAccessorImpl.java:43) ~[na:na]
	at java.base/java.lang.reflect.Method.invoke(Method.java:568) ~[na:na]
	at kotlin.reflect.jvm.internal.calls.CallerImpl$Method.callMethod(CallerImpl.kt:97) ~[kotlin-reflect-2.1.20.jar!/:2.1.20-release-217]
	at kotlin.reflect.jvm.internal.calls.CallerImpl$Method$Instance.call(CallerImpl.kt:113) ~[kotlin-reflect-2.1.20.jar!/:2.1.20-release-217]
	at kotlin.reflect.jvm.internal.KCallableImpl.callDefaultMethod$kotlin_reflection(KCallableImpl.kt:207) ~[kotlin-reflect-2.1.20.jar!/:2.1.20-release-217]
	at kotlin.reflect.jvm.internal.KCallableImpl.callBy(KCallableImpl.kt:112) ~[kotlin-reflect-2.1.20.jar!/:2.1.20-release-217]
	at org.springframework.web.method.support.InvocableHandlerMethod$KotlinDelegate.invokeFunction(InvocableHandlerMethod.java:334) ~[spring-web-6.1.15.jar!/:6.1.15]
	at org.springframework.web.method.support.InvocableHandlerMethod.doInvoke(InvocableHandlerMethod.java:252) ~[spring-web-6.1.15.jar!/:6.1.15]
	at org.springframework.web.method.support.InvocableHandlerMethod.invokeForRequest(InvocableHandlerMethod.java:188) ~[spring-web-6.1.15.jar!/:6.1.15]
	at org.springframework.web.servlet.mvc.method.annotation.ServletInvocableHandlerMethod.invokeAndHandle(ServletInvocableHandlerMethod.java:118) ~[spring-webmvc-6.1.8.jar!/:6.1.8]
	at org.springframework.web.servlet.mvc.method.annotation.RequestMappingHandlerAdapter.invokeHandlerMethod(RequestMappingHandlerAdapter.java:926) ~[spring-webmvc-6.1.8.jar!/:6.1.8]
	at org.springframework.web.servlet.mvc.method.annotation.RequestMappingHandlerAdapter.handleInternal(RequestMappingHandlerAdapter.java:831) ~[spring-webmvc-6.1.8.jar!/:6.1.8]
	at org.springframework.web.servlet.mvc.method.AbstractHandlerMethodAdapter.handle(AbstractHandlerMethodAdapter.java:87) ~[spring-webmvc-6.1.8.jar!/:6.1.8]
	at org.springframework.web.servlet.DispatcherServlet.doDispatch(DispatcherServlet.java:1089) ~[spring-webmvc-6.1.8.jar!/:6.1.8]
	at org.springframework.web.servlet.DispatcherServlet.doService(DispatcherServlet.java:979) ~[spring-webmvc-6.1.8.jar!/:6.1.8]
	at org.springframework.web.servlet.FrameworkServlet.processRequest(FrameworkServlet.java:1014) ~[spring-webmvc-6.1.8.jar!/:6.1.8]
	at org.springframework.web.servlet.FrameworkServlet.doGet(FrameworkServlet.java:903) ~[spring-webmvc-6.1.8.jar!/:6.1.8]
	at jakarta.servlet.http.HttpServlet.service(HttpServlet.java:527) ~[jakarta.servlet-api-6.0.0.jar!/:6.0.0]
	at org.springframework.web.servlet.FrameworkServlet.service(FrameworkServlet.java:885) ~[spring-webmvc-6.1.8.jar!/:6.1.8]
	at jakarta.servlet.http.HttpServlet.service(HttpServlet.java:614) ~[jakarta.servlet-api-6.0.0.jar!/:6.0.0]
	at io.undertow.servlet.handlers.ServletHandler.handleRequest(ServletHandler.java:74) ~[undertow-servlet-2.3.13.Final.jar!/:2.3.13.Final]
	at io.undertow.servlet.handlers.FilterHandler$FilterChainImpl.doFilter(FilterHandler.java:129) ~[undertow-servlet-2.3.13.Final.jar!/:2.3.13.Final]
	at org.springframework.web.filter.AbstractRequestLoggingFilter.doFilterInternal(AbstractRequestLoggingFilter.java:289) ~[spring-web-6.1.15.jar!/:6.1.15]
	at org.springframework.web.filter.OncePerRequestFilter.doFilter(OncePerRequestFilter.java:116) ~[spring-web-6.1.15.jar!/:6.1.15]
	at io.undertow.servlet.core.ManagedFilter.doFilter(ManagedFilter.java:67) ~[undertow-servlet-2.3.13.Final.jar!/:2.3.13.Final]
	at io.undertow.servlet.handlers.FilterHandler$FilterChainImpl.doFilter(FilterHandler.java:131) ~[undertow-servlet-2.3.13.Final.jar!/:2.3.13.Final]
	at lavalink.server.io.ResponseHeaderFilter.doFilterInternal(ResponseHeaderFilter.kt:17) ~[classes!/:4.2.2]
	at org.springframework.web.filter.OncePerRequestFilter.doFilter(OncePerRequestFilter.java:116) ~[spring-web-6.1.15.jar!/:6.1.15]
	at io.undertow.servlet.core.ManagedFilter.doFilter(ManagedFilter.java:67) ~[undertow-servlet-2.3.13.Final.jar!/:2.3.13.Final]
	at io.undertow.servlet.handlers.FilterHandler$FilterChainImpl.doFilter(FilterHandler.java:131) ~[undertow-servlet-2.3.13.Final.jar!/:2.3.13.Final]
	at org.springframework.web.filter.CharacterEncodingFilter.doFilterInternal(CharacterEncodingFilter.java:201) ~[spring-web-6.1.15.jar!/:6.1.15]
	at org.springframework.web.filter.OncePerRequestFilter.doFilter(OncePerRequestFilter.java:116) ~[spring-web-6.1.15.jar!/:6.1.15]
	at io.undertow.servlet.core.ManagedFilter.doFilter(ManagedFilter.java:67) ~[undertow-servlet-2.3.13.Final.jar!/:2.3.13.Final]
	at io.undertow.servlet.handlers.FilterHandler$FilterChainImpl.doFilter(FilterHandler.java:131) ~[undertow-servlet-2.3.13.Final.jar!/:2.3.13.Final]
	at io.undertow.servlet.handlers.FilterHandler.handleRequest(FilterHandler.java:84) ~[undertow-servlet-2.3.13.Final.jar!/:2.3.13.Final]
	at io.undertow.servlet.handlers.security.ServletSecurityRoleHandler.handleRequest(ServletSecurityRoleHandler.java:62) ~[undertow-servlet-2.3.13.Final.jar!/:2.3.13.Final]
	at io.undertow.servlet.handlers.ServletChain$1.handleRequest(ServletChain.java:68) ~[undertow-servlet-2.3.13.Final.jar!/:2.3.13.Final]
	at io.undertow.servlet.handlers.ServletDispatchingHandler.handleRequest(ServletDispatchingHandler.java:36) ~[undertow-servlet-2.3.13.Final.jar!/:2.3.13.Final]
	at io.undertow.servlet.handlers.RedirectDirHandler.handleRequest(RedirectDirHandler.java:68) ~[undertow-servlet-2.3.13.Final.jar!/:2.3.13.Final]
	at io.undertow.servlet.handlers.security.SSLInformationAssociationHandler.handleRequest(SSLInformationAssociationHandler.java:117) ~[undertow-servlet-2.3.13.Final.jar!/:2.3.13.Final]
	at io.undertow.servlet.handlers.security.ServletAuthenticationCallHandler.handleRequest(ServletAuthenticationCallHandler.java:57) ~[undertow-servlet-2.3.13.Final.jar!/:2.3.13.Final]
	at io.undertow.server.handlers.PredicateHandler.handleRequest(PredicateHandler.java:43) ~[undertow-core-2.3.13.Final.jar!/:2.3.13.Final]
	at io.undertow.security.handlers.AbstractConfidentialityHandler.handleRequest(AbstractConfidentialityHandler.java:46) ~[undertow-core-2.3.13.Final.jar!/:2.3.13.Final]
	at io.undertow.servlet.handlers.security.ServletConfidentialityConstraintHandler.handleRequest(ServletConfidentialityConstraintHandler.java:64) ~[undertow-servlet-2.3.13.Final.jar!/:2.3.13.Final]
	at io.undertow.security.handlers.AuthenticationMechanismsHandler.handleRequest(AuthenticationMechanismsHandler.java:60) ~[undertow-core-2.3.13.Final.jar!/:2.3.13.Final]
	at io.undertow.servlet.handlers.security.CachedAuthenticatedSessionHandler.handleRequest(CachedAuthenticatedSessionHandler.java:77) ~[undertow-servlet-2.3.13.Final.jar!/:2.3.13.Final]
	at io.undertow.security.handlers.AbstractSecurityContextAssociationHandler.handleRequest(AbstractSecurityContextAssociationHandler.java:43) ~[undertow-core-2.3.13.Final.jar!/:2.3.13.Final]
	at io.undertow.server.handlers.PredicateHandler.handleRequest(PredicateHandler.java:43) ~[undertow-core-2.3.13.Final.jar!/:2.3.13.Final]
	at io.undertow.servlet.handlers.SendErrorPageHandler.handleRequest(SendErrorPageHandler.java:52) ~[undertow-servlet-2.3.13.Final.jar!/:2.3.13.Final]
	at io.undertow.server.handlers.PredicateHandler.handleRequest(PredicateHandler.java:43) ~[undertow-core-2.3.13.Final.jar!/:2.3.13.Final]
	at io.undertow.servlet.handlers.ServletInitialHandler.handleFirstRequest(ServletInitialHandler.java:276) ~[undertow-servlet-2.3.13.Final.jar!/:2.3.13.Final]
	at io.undertow.servlet.handlers.ServletInitialHandler$2.call(ServletInitialHandler.java:135) ~[undertow-servlet-2.3.13.Final.jar!/:2.3.13.Final]
	at io.undertow.servlet.handlers.ServletInitialHandler$2.call(ServletInitialHandler.java:132) ~[undertow-servlet-2.3.13.Final.jar!/:2.3.13.Final]
	at io.undertow.servlet.core.ServletRequestContextThreadSetupAction$1.call(ServletRequestContextThreadSetupAction.java:48) ~[undertow-servlet-2.3.13.Final.jar!/:2.3.13.Final]
	at io.undertow.servlet.core.ContextClassLoaderSetupAction$1.call(ContextClassLoaderSetupAction.java:43) ~[undertow-servlet-2.3.13.Final.jar!/:2.3.13.Final]
	at io.undertow.servlet.handlers.ServletInitialHandler.dispatchRequest(ServletInitialHandler.java:256) ~[undertow-servlet-2.3.13.Final.jar!/:2.3.13.Final]
	at io.undertow.servlet.handlers.ServletInitialHandler$1.handleRequest(ServletInitialHandler.java:101) ~[undertow-servlet-2.3.13.Final.jar!/:2.3.13.Final]
	at io.undertow.server.Connectors.executeRootHandler(Connectors.java:393) ~[undertow-core-2.3.13.Final.jar!/:2.3.13.Final]
	at io.undertow.server.HttpServerExchange$1.run(HttpServerExchange.java:859) ~[undertow-core-2.3.13.Final.jar!/:2.3.13.Final]
	at org.jboss.threads.ContextHandler$1.runWith(ContextHandler.java:18) ~[jboss-threads-3.5.0.Final.jar!/:3.5.0.Final]
	at org.jboss.threads.EnhancedQueueExecutor$Task.run(EnhancedQueueExecutor.java:2513) ~[jboss-threads-3.5.0.Final.jar!/:3.5.0.Final]
	at org.jboss.threads.EnhancedQueueExecutor$ThreadBody.run(EnhancedQueueExecutor.java:1538) ~[jboss-threads-3.5.0.Final.jar!/:3.5.0.Final]
	at org.xnio.XnioWorker$WorkerThreadFactory$1$1.run(XnioWorker.java:1282) ~[xnio-api-3.8.8.Final.jar!/:3.8.8.Final]
	at java.base/java.lang.Thread.run(Thread.java:842) ~[na:na]
Caused by: com.sedmelluq.discord.lavaplayer.tools.FriendlyException: Unknown file format.
	at com.sedmelluq.discord.lavaplayer.source.ProbingAudioSourceManager.handleLoadResult(ProbingAudioSourceManager.java:35) ~[lavaplayer-2.2.6.jar!/:na]
	at com.sedmelluq.discord.lavaplayer.source.http.HttpAudioSourceManager.loadItem(HttpAudioSourceManager.java:73) ~[lavaplayer-2.2.6.jar!/:na]
	at com.sedmelluq.discord.lavaplayer.player.DefaultAudioPlayerManager.checkSourcesForItemOnce(DefaultAudioPlayerManager.java:442) ~[lavaplayer-2.2.6.jar!/:na]
	at com.sedmelluq.discord.lavaplayer.player.DefaultAudioPlayerManager.checkSourcesForItem(DefaultAudioPlayerManager.java:423) ~[lavaplayer-2.2.6.jar!/:na]
	at com.sedmelluq.discord.lavaplayer.player.DefaultAudioPlayerManager.loadItemSync(DefaultAudioPlayerManager.java:154) ~[lavaplayer-2.2.6.jar!/:na]
	at com.sedmelluq.discord.lavaplayer.player.AudioPlayerManager.loadItemSync(AudioPlayerManager.java:127) ~[lavaplayer-2.2.6.jar!/:na]
	at lavalink.server.util.LoadingKt.loadAudioItem(loading.kt:15) ~[classes!/:4.2.2]
	... 67 common frames omitted

2026-04-19T14:10:48.514+07:00 ERROR 23652 --- [Lavalink] [pool-3-thread-1] o.d.w.registry.HkeyPerformanceDataUtil   : Error reading performance data from registry for Process.
2026-04-19T14:10:48.600+07:00  INFO 23652 --- [Lavalink] [XNIO-1 task-3] l.server.io.RequestLoggingFilter         : GET /v4/loadtracks?identifier=https://open.spotify.com/playlist/12wXQlYV0R00I47qfrRQnC?si%3D6f7bda7f6ab044de
2026-04-19T14:10:49.482+07:00  WARN 23652 --- [Lavalink] [pool-3-thread-1] o.util.platform.windows.WmiQueryHandler  : COM exception: Invalid Query: SELECT NAME,PRIORITYBASE,ELAPSEDTIME,IDPROCESS,CREATINGPROCESSID,IOREADBYTESPERSEC,IOWRITEBYTESPERSEC,PRIVATEBYTES,PAGEFAULTSPERSEC FROM Win32_PerfRawData_PerfProc_Process WHERE NOT Name LIKE "%_Total"
2026-04-19T14:10:49.658+07:00  WARN 23652 --- [Lavalink] [pool-3-thread-1] lavalink.server.io.StatsCollector        : Cannot calculate CPU load: process is null for PID 23652.
2026-04-19T14:11:29.988+07:00  INFO 23652 --- [Lavalink] [XNIO-1 task-3] l.server.io.RequestLoggingFilter         : DELETE /v4/sessions/n1nbjcu4rstmtd77/players/755407730952634410
2026-04-19T14:11:32.726+07:00  INFO 23652 --- [Lavalink] [XNIO-1 I/O-1] lavalink.server.io.SocketServer          : Connection closed from /127.0.0.1:52551 with status CloseStatus[code=1006, reason=] -- Session can be resumed within the next 60 seconds with id n1nbjcu4rstmtd77
2026-04-19T14:11:48.580+07:00 ERROR 23652 --- [Lavalink] [pool-3-thread-1] o.d.w.registry.HkeyPerformanceDataUtil   : Error reading performance data from registry for Process.
